2016-06-29 17:46:46  [ main:1 ] - [ ERROR ]  
************AssertionError*****************
in the activity :nulltest stepjava.lang.AssertionError
	at config.AssertLogger.assertLog(AssertLogger.java:13)
	at javaTest.Assert.main(Assert.java:14)
	at sun.reflect.NativeMethodAccessorImpl.invoke0(Native Method)
	at sun.reflect.NativeMethodAccessorImpl.invoke(NativeMethodAccessorImpl.java:62)
	at sun.reflect.DelegatingMethodAccessorImpl.invoke(DelegatingMethodAccessorImpl.java:43)
	at java.lang.reflect.Method.invoke(Method.java:483)
	at com.intellij.rt.execution.application.AppMain.main(AppMain.java:144)

2016-06-29 20:51:49  [ main:0 ] - [ ERROR ]  
************AssertionError*****************
in the activity :nulltest stepjava.lang.AssertionError
	at config.AssertLogger.assertLog(AssertLogger.java:13)
	at javaTest.Assert.main(Assert.java:14)
	at sun.reflect.NativeMethodAccessorImpl.invoke0(Native Method)
	at sun.reflect.NativeMethodAccessorImpl.invoke(NativeMethodAccessorImpl.java:62)
	at sun.reflect.DelegatingMethodAccessorImpl.invoke(DelegatingMethodAccessorImpl.java:43)
	at java.lang.reflect.Method.invoke(Method.java:483)
	at com.intellij.rt.execution.application.AppMain.main(AppMain.java:144)

